0 info it worked if it ends with ok
1 verbose cli [ '/usr/bin/node', '/usr/bin/npm', 'run', 'lint' ]
2 info using npm@3.10.10
3 info using node@v6.12.0
4 verbose run-script [ 'prelint', 'lint', 'postlint' ]
5 info lifecycle luisbot@1.0.0~prelint: luisbot@1.0.0
6 silly lifecycle luisbot@1.0.0~prelint: no script for prelint, continuing
7 info lifecycle luisbot@1.0.0~lint: luisbot@1.0.0
8 verbose lifecycle luisbot@1.0.0~lint: unsafe-perm in lifecycle true
9 verbose lifecycle luisbot@1.0.0~lint: PATH: /usr/lib/node_modules/npm/bin/node-gyp-bin:/home/faizan/Desktop/projects/AARP/HealthBotPOC/node_modules/.bin::/home/faizan/bin:/home/faizan/.local/bin:/usr/local/sbin:/usr/local/bin:/usr/sbin:/usr/bin:/sbin:/bin:/usr/games:/usr/local/games:/opt/mssql-tools/bin:/opt/mssql-tools/bin
10 verbose lifecycle luisbot@1.0.0~lint: CWD: /home/faizan/Desktop/projects/AARP/HealthBotPOC
11 silly lifecycle luisbot@1.0.0~lint: Args: [ '-c',
11 silly lifecycle   'eslint /home/faizan/Desktop/projects/AARP/HealthBotPOC' ]
12 silly lifecycle luisbot@1.0.0~lint: Returned: code: 1  signal: null
13 info lifecycle luisbot@1.0.0~lint: Failed to exec lint script
14 verbose stack Error: luisbot@1.0.0 lint: `eslint /home/faizan/Desktop/projects/AARP/HealthBotPOC`
14 verbose stack Exit status 1
14 verbose stack     at EventEmitter.<anonymous> (/usr/lib/node_modules/npm/lib/utils/lifecycle.js:255:16)
14 verbose stack     at emitTwo (events.js:106:13)
14 verbose stack     at EventEmitter.emit (events.js:191:7)
14 verbose stack     at ChildProcess.<anonymous> (/usr/lib/node_modules/npm/lib/utils/spawn.js:40:14)
14 verbose stack     at emitTwo (events.js:106:13)
14 verbose stack     at ChildProcess.emit (events.js:191:7)
14 verbose stack     at maybeClose (internal/child_process.js:920:16)
14 verbose stack     at Process.ChildProcess._handle.onexit (internal/child_process.js:230:5)
15 verbose pkgid luisbot@1.0.0
16 verbose cwd /home/faizan/Desktop/projects/AARP/HealthBotPOC
17 error Linux 4.8.0-53-generic
18 error argv "/usr/bin/node" "/usr/bin/npm" "run" "lint"
19 error node v6.12.0
20 error npm  v3.10.10
21 error code ELIFECYCLE
22 error luisbot@1.0.0 lint: `eslint /home/faizan/Desktop/projects/AARP/HealthBotPOC`
22 error Exit status 1
23 error Failed at the luisbot@1.0.0 lint script 'eslint /home/faizan/Desktop/projects/AARP/HealthBotPOC'.
23 error Make sure you have the latest version of node.js and npm installed.
23 error If you do, this is most likely a problem with the luisbot package,
23 error not with npm itself.
23 error Tell the author that this fails on your system:
23 error     eslint /home/faizan/Desktop/projects/AARP/HealthBotPOC
23 error You can get information on how to open an issue for this project with:
23 error     npm bugs luisbot
23 error Or if that isn't available, you can get their info via:
23 error     npm owner ls luisbot
23 error There is likely additional logging output above.
24 verbose exit [ 1, true ]
